# JRE version: OpenJDK Runtime Environment (21.0.10) (build 21.0.10+-14961533-b1163.108)
# Java VM: OpenJDK 64-Bit Server VM (21.0.10+-14961533-b1163.108, mixed mode, tiered, compressed oops, compressed class ptrs, g1 gc, windows-amd64)
GC Precious Log:
 CardTable entry size: 512
 Card Set container configuration: InlinePtr #cards 5 size 8 Array Of Cards #cards 12 size 40 Howl #buckets 4 coarsen threshold 1843 Howl Bitmap #cards 512 size 80 coarsen threshold 460 Card regions per heap region 1 cards per card region 2048
 CPUs: 16 total, 16 available
 Memory: 7860M
 Large Page Support: Disabled
 NUMA Support: Disabled
 Compressed Oops: Enabled (32-bit)
 Heap Region Size: 1M
 Heap Min Capacity: 8M
 Heap Initial Capacity: 124M
 Heap Max Capacity: 2G
 Pre-touch: Disabled
 Parallel Workers: 13
 Concurrent Workers: 3
 Concurrent Refinement Workers: 13
 Periodic GC: Disabled
Heap:
 garbage-first heap   total 128000K, used 86312K [0x0000000080000000, 0x0000000100000000)
  region size 1024K, 17 young (17408K), 2 survivors (2048K)
 Metaspace       used 62597K, committed 64192K, reserved 1114112K
  class space    used 8692K, committed 9472K, reserved 1048576K
GC Heap History (20 events):
Event: 9.433 GC heap before
{Heap before GC invocations=6 (full 0):
 garbage-first heap   total 84992K, used 65077K [0x0000000080000000, 0x0000000100000000)
  region size 1024K, 46 young (47104K), 4 survivors (4096K)
 Metaspace       used 35265K, committed 35968K, reserved 1114112K
  class space    used 4859K, committed 5184K, reserved 1048576K
}
Event: 9.438 GC heap after
{Heap after GC invocations=7 (full 0):
 garbage-first heap   total 84992K, used 26440K [0x0000000080000000, 0x0000000100000000)
  region size 1024K, 6 young (6144K), 6 survivors (6144K)
 Metaspace       used 35265K, committed 35968K, reserved 1114112K
  class space    used 4859K, committed 5184K, reserved 1048576K
}
Event: 9.473 GC heap before
{Heap before GC invocations=7 (full 0):
 garbage-first heap   total 84992K, used 27464K [0x0000000080000000, 0x0000000100000000)
  region size 1024K, 8 young (8192K), 6 survivors (6144K)
 Metaspace       used 35460K, committed 36288K, reserved 1114112K
  class space    used 4898K, committed 5312K, reserved 1048576K
}
Event: 9.479 GC heap after
{Heap after GC invocations=8 (full 0):
 garbage-first heap   total 84992K, used 26397K [0x0000000080000000, 0x0000000100000000)
  region size 1024K, 4 young (4096K), 4 survivors (4096K)
 Metaspace       used 35460K, committed 36288K, reserved 1114112K
  class space    used 4898K, committed 5312K, reserved 1048576K
}
Event: 10.579 GC heap before
{Heap before GC invocations=9 (full 0):
 garbage-first heap   total 84992K, used 82717K [0x0000000080000000, 0x0000000100000000)
  region size 1024K, 42 young (43008K), 4 survivors (4096K)
 Metaspace       used 39108K, committed 40000K, reserved 1114112K
  class space    used 5469K, committed 5888K, reserved 1048576K
}
Event: 10.587 GC heap after
{Heap after GC invocations=10 (full 0):
 garbage-first heap   total 97280K, used 53681K [0x0000000080000000, 0x0000000100000000)
  region size 1024K, 7 young (7168K), 7 survivors (7168K)
 Metaspace       used 39108K, committed 40000K, reserved 1114112K
  class space    used 5469K, committed 5888K, reserved 1048576K
}
Event: 11.474 GC heap before
{Heap before GC invocations=10 (full 0):
 garbage-first heap   total 97280K, used 83377K [0x0000000080000000, 0x0000000100000000)
  region size 1024K, 37 young (37888K), 7 survivors (7168K)
 Metaspace       used 45569K, committed 46592K, reserved 1114112K
  class space    used 6293K, committed 6784K, reserved 1048576K
}
Event: 11.481 GC heap after
{Heap after GC invocations=11 (full 0):
 garbage-first heap   total 97280K, used 55919K [0x0000000080000000, 0x0000000100000000)
  region size 1024K, 4 young (4096K), 4 survivors (4096K)
 Metaspace       used 45569K, committed 46592K, reserved 1114112K
  class space    used 6293K, committed 6784K, reserved 1048576K
}
Event: 11.763 GC heap before
{Heap before GC invocations=11 (full 0):
 garbage-first heap   total 97280K, used 83567K [0x0000000080000000, 0x0000000100000000)
  region size 1024K, 32 young (32768K), 4 survivors (4096K)
 Metaspace       used 46972K, committed 47872K, reserved 1114112K
  class space    used 6422K, committed 6848K, reserved 1048576K
}
Event: 11.767 GC heap after
{Heap after GC invocations=12 (full 0):
 garbage-first heap   total 97280K, used 58546K [0x0000000080000000, 0x0000000100000000)
  region size 1024K, 3 young (3072K), 3 survivors (3072K)
 Metaspace       used 46972K, committed 47872K, reserved 1114112K
  class space    used 6422K, committed 6848K, reserved 1048576K
}
Event: 12.411 GC heap before
{Heap before GC invocations=13 (full 0):
 garbage-first heap   total 99328K, used 91314K [0x0000000080000000, 0x0000000100000000)
  region size 1024K, 30 young (30720K), 3 survivors (3072K)
 Metaspace       used 50513K, committed 51584K, reserved 1114112K
  class space    used 6871K, committed 7360K, reserved 1048576K
}
Event: 12.415 GC heap after
{Heap after GC invocations=14 (full 0):
 garbage-first heap   total 99328K, used 60366K [0x0000000080000000, 0x0000000100000000)
  region size 1024K, 3 young (3072K), 3 survivors (3072K)
 Metaspace       used 50513K, committed 51584K, reserved 1114112K
  class space    used 6871K, committed 7360K, reserved 1048576K
}
Event: 13.041 GC heap before
{Heap before GC invocations=14 (full 0):
 garbage-first heap   total 99328K, used 89038K [0x0000000080000000, 0x0000000100000000)
  region size 1024K, 31 young (31744K), 3 survivors (3072K)
 Metaspace       used 53989K, committed 55360K, reserved 1114112K
  class space    used 7481K, committed 8192K, reserved 1048576K
}
Event: 13.046 GC heap after
{Heap after GC invocations=15 (full 0):
 garbage-first heap   total 99328K, used 61890K [0x0000000080000000, 0x0000000100000000)
  region size 1024K, 2 young (2048K), 2 survivors (2048K)
 Metaspace       used 53989K, committed 55360K, reserved 1114112K
  class space    used 7481K, committed 8192K, reserved 1048576K
}
Event: 13.679 GC heap before
{Heap before GC invocations=15 (full 0):
 garbage-first heap   total 99328K, used 90562K [0x0000000080000000, 0x0000000100000000)
  region size 1024K, 30 young (30720K), 2 survivors (2048K)
 Metaspace       used 57343K, committed 58752K, reserved 1114112K
  class space    used 8058K, committed 8768K, reserved 1048576K
}
Event: 13.683 GC heap after
{Heap after GC invocations=16 (full 0):
 garbage-first heap   total 99328K, used 63107K [0x0000000080000000, 0x0000000100000000)
  region size 1024K, 3 young (3072K), 3 survivors (3072K)
 Metaspace       used 57343K, committed 58752K, reserved 1114112K
  class space    used 8058K, committed 8768K, reserved 1048576K
}
Event: 14.437 GC heap before
{Heap before GC invocations=17 (full 0):
 garbage-first heap   total 106496K, used 92803K [0x0000000080000000, 0x0000000100000000)
  region size 1024K, 31 young (31744K), 3 survivors (3072K)
 Metaspace       used 58465K, committed 60032K, reserved 1114112K
  class space    used 8211K, committed 8960K, reserved 1048576K
}
Event: 14.444 GC heap after
{Heap after GC invocations=18 (full 0):
 garbage-first heap   total 128000K, used 70371K [0x0000000080000000, 0x0000000100000000)
  region size 1024K, 4 young (4096K), 4 survivors (4096K)
 Metaspace       used 58465K, committed 60032K, reserved 1114112K
  class space    used 8211K, committed 8960K, reserved 1048576K
}
Event: 15.398 GC heap before
{Heap before GC invocations=18 (full 0):
 garbage-first heap   total 128000K, used 113379K [0x0000000080000000, 0x0000000100000000)
  region size 1024K, 45 young (46080K), 4 survivors (4096K)
 Metaspace       used 60920K, committed 62528K, reserved 1114112K
  class space    used 8436K, committed 9216K, reserved 1048576K
}
Event: 15.402 GC heap after
{Heap after GC invocations=19 (full 0):
 garbage-first heap   total 128000K, used 71976K [0x0000000080000000, 0x0000000100000000)
  region size 1024K, 2 young (2048K), 2 survivors (2048K)
 Metaspace       used 60920K, committed 62528K, reserved 1114112K
  class space    used 8436K, committed 9216K, reserved 1048576K
}

